<?xml version="1.0" encoding="UTF-8"?>
<!-- Generated by org.testng.reporters.JUnitReportReporter -->
<testsuite hostname="DESKTOP-K4ILK4J" failures="0" tests="1" name="TestLayer.CogmentoTest" time="111.766" errors="0" timestamp="2024-07-17T22:47:08 IST" skipped="0">
  <testcase classname="TestLayer.CogmentoTest" name="setup" time="111.766"/>
  <system-out/>
</testsuite> <!-- TestLayer.CogmentoTest -->
